This is pdfTeX, Version 3.141592653-2.6-1.40.22 (TeX Live 2021/W32TeX) (preloaded format=pdflatex 2021.4.18)  18 JUL 2021 18:19
entering extended mode
 restricted \write18 enabled.
 file:line:error style messages enabled.
 %&-line parsing enabled.
**c:/Users/Brainware/source/repos/ariebrainware/tugas7-jarkom/main.tex
(c:/Users/Brainware/source/repos/ariebrainware/tugas7-jarkom/main.tex
LaTeX2e <2020-10-01> patch level 4
L3 programming layer <2021-02-18> (./IEEEtran.cls
Document Class: IEEEtran 2015/08/26 V1.8b by Michael Shell
-- See the "IEEEtran_HOWTO" manual for usage information.
-- http://www.michaelshell.org/tex/ieeetran/
\@IEEEtrantmpdimenA=\dimen138
\@IEEEtrantmpdimenB=\dimen139
\@IEEEtrantmpdimenC=\dimen140
\@IEEEtrantmpcountA=\count179
\@IEEEtrantmpcountB=\count180
\@IEEEtrantmpcountC=\count181
\@IEEEtrantmptoksA=\toks15
LaTeX Font Info:    Trying to load font information for OT1+ptm on input line 503.
(c:/texlive/2021/texmf-dist/tex/latex/psnfss/ot1ptm.fd
File: ot1ptm.fd 2001/06/04 font definitions for OT1/ptm.
)
-- Using 8.5in x 11in (letter) paper.
-- Using PDF output.
\@IEEEnormalsizeunitybaselineskip=\dimen141
-- This is a 10 point document.
\CLASSINFOnormalsizebaselineskip=\dimen142
\CLASSINFOnormalsizeunitybaselineskip=\dimen143
\IEEEnormaljot=\dimen144
LaTeX Font Info:    Font shape `OT1/ptm/bx/n' in size <5> not available
(Font)              Font shape `OT1/ptm/b/n' tried instead on input line 1090.
LaTeX Font Info:    Font shape `OT1/ptm/bx/it' in size <5> not available
(Font)              Font shape `OT1/ptm/b/it' tried instead on input line 1090.
LaTeX Font Info:    Font shape `OT1/ptm/bx/n' in size <7> not available
(Font)              Font shape `OT1/ptm/b/n' tried instead on input line 1090.
LaTeX Font Info:    Font shape `OT1/ptm/bx/it' in size <7> not available
(Font)              Font shape `OT1/ptm/b/it' tried instead on input line 1090.
LaTeX Font Info:    Font shape `OT1/ptm/bx/n' in size <8> not available
(Font)              Font shape `OT1/ptm/b/n' tried instead on input line 1090.
LaTeX Font Info:    Font shape `OT1/ptm/bx/it' in size <8> not available
(Font)              Font shape `OT1/ptm/b/it' tried instead on input line 1090.
LaTeX Font Info:    Font shape `OT1/ptm/bx/n' in size <9> not available
(Font)              Font shape `OT1/ptm/b/n' tried instead on input line 1090.
LaTeX Font Info:    Font shape `OT1/ptm/bx/it' in size <9> not available
(Font)              Font shape `OT1/ptm/b/it' tried instead on input line 1090.
LaTeX Font Info:    Font shape `OT1/ptm/bx/n' in size <10> not available
(Font)              Font shape `OT1/ptm/b/n' tried instead on input line 1090.
LaTeX Font Info:    Font shape `OT1/ptm/bx/it' in size <10> not available
(Font)              Font shape `OT1/ptm/b/it' tried instead on input line 1090.
LaTeX Font Info:    Font shape `OT1/ptm/bx/n' in size <11> not available
(Font)              Font shape `OT1/ptm/b/n' tried instead on input line 1090.
LaTeX Font Info:    Font shape `OT1/ptm/bx/it' in size <11> not available
(Font)              Font shape `OT1/ptm/b/it' tried instead on input line 1090.
LaTeX Font Info:    Font shape `OT1/ptm/bx/n' in size <12> not available
(Font)              Font shape `OT1/ptm/b/n' tried instead on input line 1090.
LaTeX Font Info:    Font shape `OT1/ptm/bx/it' in size <12> not available
(Font)              Font shape `OT1/ptm/b/it' tried instead on input line 1090.
LaTeX Font Info:    Font shape `OT1/ptm/bx/n' in size <17> not available
(Font)              Font shape `OT1/ptm/b/n' tried instead on input line 1090.
LaTeX Font Info:    Font shape `OT1/ptm/bx/it' in size <17> not available
(Font)              Font shape `OT1/ptm/b/it' tried instead on input line 1090.
LaTeX Font Info:    Font shape `OT1/ptm/bx/n' in size <20> not available
(Font)              Font shape `OT1/ptm/b/n' tried instead on input line 1090.
LaTeX Font Info:    Font shape `OT1/ptm/bx/it' in size <20> not available
(Font)              Font shape `OT1/ptm/b/it' tried instead on input line 1090.
LaTeX Font Info:    Font shape `OT1/ptm/bx/n' in size <24> not available
(Font)              Font shape `OT1/ptm/b/n' tried instead on input line 1090.
LaTeX Font Info:    Font shape `OT1/ptm/bx/it' in size <24> not available
(Font)              Font shape `OT1/ptm/b/it' tried instead on input line 1090.
\IEEEquantizedlength=\dimen145
\IEEEquantizedlengthdiff=\dimen146
\IEEEquantizedtextheightdiff=\dimen147
\IEEEilabelindentA=\dimen148
\IEEEilabelindentB=\dimen149
\IEEEilabelindent=\dimen150
\IEEEelabelindent=\dimen151
\IEEEdlabelindent=\dimen152
\IEEElabelindent=\dimen153
\IEEEiednormlabelsep=\dimen154
\IEEEiedmathlabelsep=\dimen155
\IEEEiedtopsep=\skip47
\c@section=\count182
\c@subsection=\count183
\c@subsubsection=\count184
\c@paragraph=\count185
\c@IEEEsubequation=\count186
\abovecaptionskip=\skip48
\belowcaptionskip=\skip49
\c@figure=\count187
\c@table=\count188
\@IEEEeqnnumcols=\count189
\@IEEEeqncolcnt=\count190
\@IEEEsubeqnnumrollback=\count191
\@IEEEquantizeheightA=\dimen156
\@IEEEquantizeheightB=\dimen157
\@IEEEquantizeheightC=\dimen158
\@IEEEquantizeprevdepth=\dimen159
\@IEEEquantizemultiple=\count192
\@IEEEquantizeboxA=\box47
\@IEEEtmpitemindent=\dimen160
\IEEEPARstartletwidth=\dimen161
\c@IEEEbiography=\count193
\@IEEEtranrubishbin=\box48
)
** ATTENTION: Overriding command lockouts (line 2).
(c:/texlive/2021/texmf-dist/tex/latex/cite/cite.sty
LaTeX Info: Redefining \cite on input line 302.
LaTeX Info: Redefining \nocite on input line 332.
Package: cite 2015/02/27  v 5.5
) (c:/texlive/2021/texmf-dist/tex/latex/amsmath/amsmath.sty
Package: amsmath 2020/09/23 v2.17i AMS math features
\@mathmargin=\skip50

For additional information on amsmath, use the `?' option.
(c:/texlive/2021/texmf-dist/tex/latex/amsmath/amstext.sty
Package: amstext 2000/06/29 v2.01 AMS text
 (c:/texlive/2021/texmf-dist/tex/latex/amsmath/amsgen.sty
File: amsgen.sty 1999/11/30 v2.0 generic functions
\@emptytoks=\toks16
\ex@=\dimen162
)) (c:/texlive/2021/texmf-dist/tex/latex/amsmath/amsbsy.sty
Package: amsbsy 1999/11/29 v1.2d Bold Symbols
\pmbraise@=\dimen163
) (c:/texlive/2021/texmf-dist/tex/latex/amsmath/amsopn.sty
Package: amsopn 2016/03/08 v2.02 operator names
)
\inf@bad=\count194
LaTeX Info: Redefining \frac on input line 234.
\uproot@=\count195
\leftroot@=\count196
LaTeX Info: Redefining \overline on input line 399.
\classnum@=\count197
\DOTSCASE@=\count198
LaTeX Info: Redefining \ldots on input line 496.
LaTeX Info: Redefining \dots on input line 499.
LaTeX Info: Redefining \cdots on input line 620.
\Mathstrutbox@=\box49
\strutbox@=\box50
\big@size=\dimen164
LaTeX Font Info:    Redeclaring font encoding OML on input line 743.
LaTeX Font Info:    Redeclaring font encoding OMS on input line 744.
\macc@depth=\count199
\c@MaxMatrixCols=\count266
\dotsspace@=\muskip16
\c@parentequation=\count267
\dspbrk@lvl=\count268
\tag@help=\toks17
\row@=\count269
\column@=\count270
\maxfields@=\count271
\andhelp@=\toks18
\eqnshift@=\dimen165
\alignsep@=\dimen166
\tagshift@=\dimen167
\tagwidth@=\dimen168
\totwidth@=\dimen169
\lineht@=\dimen170
\@envbody=\toks19
\multlinegap=\skip51
\multlinetaggap=\skip52
\mathdisplay@stack=\toks20
LaTeX Info: Redefining \[ on input line 2923.
LaTeX Info: Redefining \] on input line 2924.
) (c:/texlive/2021/texmf-dist/tex/latex/amsfonts/amssymb.sty
Package: amssymb 2013/01/14 v3.01 AMS font symbols
 (c:/texlive/2021/texmf-dist/tex/latex/amsfonts/amsfonts.sty
Package: amsfonts 2013/01/14 v3.01 Basic AMSFonts support
\symAMSa=\mathgroup4
\symAMSb=\mathgroup5
LaTeX Font Info:    Redeclaring math symbol \hbar on input line 98.
LaTeX Font Info:    Overwriting math alphabet `\mathfrak' in version `bold'
(Font)                  U/euf/m/n --> U/euf/b/n on input line 106.
)) (c:/texlive/2021/texmf-dist/tex/latex/algorithms/algorithmic.sty
Package: algorithmic 2009/08/24 v0.1 Document Style `algorithmic'
 (c:/texlive/2021/texmf-dist/tex/latex/base/ifthen.sty
Package: ifthen 2014/09/29 v1.1c Standard LaTeX ifthen package (DPC)
) (c:/texlive/2021/texmf-dist/tex/latex/graphics/keyval.sty
Package: keyval 2014/10/28 v1.15 key=value parser (DPC)
\KV@toks@=\toks21
)
\c@ALC@unique=\count272
\c@ALC@line=\count273
\c@ALC@rem=\count274
\c@ALC@depth=\count275
\ALC@tlm=\skip53
\algorithmicindent=\skip54
) (c:/texlive/2021/texmf-dist/tex/latex/graphics/graphicx.sty
Package: graphicx 2020/09/09 v1.2b Enhanced LaTeX Graphics (DPC,SPQR)
 (c:/texlive/2021/texmf-dist/tex/latex/graphics/graphics.sty
Package: graphics 2020/08/30 v1.4c Standard LaTeX Graphics (DPC,SPQR)
 (c:/texlive/2021/texmf-dist/tex/latex/graphics/trig.sty
Package: trig 2016/01/03 v1.10 sin cos tan (DPC)
) (c:/texlive/2021/texmf-dist/tex/latex/graphics-cfg/graphics.cfg
File: graphics.cfg 2016/06/04 v1.11 sample graphics configuration
)
Package graphics Info: Driver file: pdftex.def on input line 105.
 (c:/texlive/2021/texmf-dist/tex/latex/graphics-def/pdftex.def
File: pdftex.def 2020/10/05 v1.2a Graphics/color driver for pdftex
))
\Gin@req@height=\dimen171
\Gin@req@width=\dimen172
) (c:/texlive/2021/texmf-dist/tex/latex/base/textcomp.sty
Package: textcomp 2020/02/02 v2.0n Standard LaTeX package
) (c:/texlive/2021/texmf-dist/tex/latex/xcolor/xcolor.sty
Package: xcolor 2016/05/11 v2.12 LaTeX color extensions (UK)
 (c:/texlive/2021/texmf-dist/tex/latex/graphics-cfg/color.cfg
File: color.cfg 2016/01/02 v1.6 sample color configuration
)
Package xcolor Info: Driver file: pdftex.def on input line 225.
Package xcolor Info: Model `cmy' substituted by `cmy0' on input line 1348.
Package xcolor Info: Model `hsb' substituted by `rgb' on input line 1352.
Package xcolor Info: Model `RGB' extended on input line 1364.
Package xcolor Info: Model `HTML' substituted by `rgb' on input line 1366.
Package xcolor Info: Model `Hsb' substituted by `hsb' on input line 1367.
Package xcolor Info: Model `tHsb' substituted by `hsb' on input line 1368.
Package xcolor Info: Model `HSB' substituted by `hsb' on input line 1369.
Package xcolor Info: Model `Gray' substituted by `gray' on input line 1370.
Package xcolor Info: Model `wave' substituted by `hsb' on input line 1371.
) (c:/texlive/2021/texmf-dist/tex/latex/listings/listings.sty
\lst@mode=\count276
\lst@gtempboxa=\box51
\lst@token=\toks22
\lst@length=\count277
\lst@currlwidth=\dimen173
\lst@column=\count278
\lst@pos=\count279
\lst@lostspace=\dimen174
\lst@width=\dimen175
\lst@newlines=\count280
\lst@lineno=\count281
\lst@maxwidth=\dimen176
 (c:/texlive/2021/texmf-dist/tex/latex/listings/lstmisc.sty
File: lstmisc.sty 2020/03/24 1.8d (Carsten Heinz)
\c@lstnumber=\count282
\lst@skipnumbers=\count283
\lst@framebox=\box52
) (c:/texlive/2021/texmf-dist/tex/latex/listings/listings.cfg
File: listings.cfg 2020/03/24 1.8d listings configuration
))
Package: listings 2020/03/24 1.8d (Carsten Heinz)
 (c:/texlive/2021/texmf-dist/tex/latex/l3packages/xparse/xparse.sty (c:/texlive/2021/texmf-dist/tex/latex/l3kernel/expl3.sty
Package: expl3 2021-02-18 L3 programming layer (loader) 
 (c:/texlive/2021/texmf-dist/tex/latex/l3backend/l3backend-pdftex.def
File: l3backend-pdftex.def 2021-03-18 L3 backend support: PDF output (pdfTeX)
\l__color_backend_stack_int=\count284
\l__pdf_internal_box=\box53
)) (c:/texlive/2021/texmf-dist/tex/latex/l3packages/xparse/xparse-2020-10-01.sty (c:/texlive/2021/texmf-dist/tex/latex/l3packages/xparse/xparse-generic.tex))) (c:/texlive/2021/texmf-dist/tex/latex/url/url.sty
\Urlmuskip=\muskip17
Package: url 2013/09/16  ver 3.4  Verb mode for urls, etc.
) (c:/texlive/2021/texmf-dist/tex/latex/hyperref/hyperref.sty
Package: hyperref 2021-02-27 v7.00k Hypertext links for LaTeX
 (c:/texlive/2021/texmf-dist/tex/generic/ltxcmds/ltxcmds.sty
Package: ltxcmds 2020-05-10 v1.25 LaTeX kernel commands for general use (HO)
) (c:/texlive/2021/texmf-dist/tex/generic/iftex/iftex.sty
Package: iftex 2020/03/06 v1.0d TeX engine tests
) (c:/texlive/2021/texmf-dist/tex/generic/pdftexcmds/pdftexcmds.sty
Package: pdftexcmds 2020-06-27 v0.33 Utility functions of pdfTeX for LuaTeX (HO)
 (c:/texlive/2021/texmf-dist/tex/generic/infwarerr/infwarerr.sty
Package: infwarerr 2019/12/03 v1.5 Providing info/warning/error messages (HO)
)
Package pdftexcmds Info: \pdf@primitive is available.
Package pdftexcmds Info: \pdf@ifprimitive is available.
Package pdftexcmds Info: \pdfdraftmode found.
) (c:/texlive/2021/texmf-dist/tex/generic/kvsetkeys/kvsetkeys.sty
Package: kvsetkeys 2019/12/15 v1.18 Key value parser (HO)
) (c:/texlive/2021/texmf-dist/tex/generic/kvdefinekeys/kvdefinekeys.sty
Package: kvdefinekeys 2019-12-19 v1.6 Define keys (HO)
) (c:/texlive/2021/texmf-dist/tex/generic/pdfescape/pdfescape.sty
Package: pdfescape 2019/12/09 v1.15 Implements pdfTeX's escape features (HO)
) (c:/texlive/2021/texmf-dist/tex/latex/hycolor/hycolor.sty
Package: hycolor 2020-01-27 v1.10 Color options for hyperref/bookmark (HO)
) (c:/texlive/2021/texmf-dist/tex/latex/letltxmacro/letltxmacro.sty
Package: letltxmacro 2019/12/03 v1.6 Let assignment for LaTeX macros (HO)
) (c:/texlive/2021/texmf-dist/tex/latex/auxhook/auxhook.sty
Package: auxhook 2019-12-17 v1.6 Hooks for auxiliary files (HO)
) (c:/texlive/2021/texmf-dist/tex/latex/kvoptions/kvoptions.sty
Package: kvoptions 2020-10-07 v3.14 Key value format for package options (HO)
)
\@linkdim=\dimen177
\Hy@linkcounter=\count285
\Hy@pagecounter=\count286
 (c:/texlive/2021/texmf-dist/tex/latex/hyperref/pd1enc.def
File: pd1enc.def 2021-02-27 v7.00k Hyperref: PDFDocEncoding definition (HO)
Now handling font encoding PD1 ...
... no UTF-8 mapping file for font encoding PD1
) (c:/texlive/2021/texmf-dist/tex/latex/hyperref/hyperref-langpatches.def
File: hyperref-langpatches.def 2021-02-27 v7.00k Hyperref: patches for babel languages
) (c:/texlive/2021/texmf-dist/tex/generic/intcalc/intcalc.sty
Package: intcalc 2019/12/15 v1.3 Expandable calculations with integers (HO)
) (c:/texlive/2021/texmf-dist/tex/generic/etexcmds/etexcmds.sty
Package: etexcmds 2019/12/15 v1.7 Avoid name clashes with e-TeX commands (HO)
)
\Hy@SavedSpaceFactor=\count287
 (c:/texlive/2021/texmf-dist/tex/latex/hyperref/puenc.def
File: puenc.def 2021-02-27 v7.00k Hyperref: PDF Unicode definition (HO)
Now handling font encoding PU ...
... no UTF-8 mapping file for font encoding PU
)
Package hyperref Info: Hyper figures OFF on input line 4192.
Package hyperref Info: Link nesting OFF on input line 4197.
Package hyperref Info: Hyper index ON on input line 4200.
Package hyperref Info: Plain pages OFF on input line 4207.
Package hyperref Info: Backreferencing OFF on input line 4212.
Package hyperref Info: Implicit mode ON; LaTeX internals redefined.
Package hyperref Info: Bookmarks ON on input line 4445.
\c@Hy@tempcnt=\count288
LaTeX Info: Redefining \url on input line 4804.
\XeTeXLinkMargin=\dimen178
 (c:/texlive/2021/texmf-dist/tex/generic/bitset/bitset.sty
Package: bitset 2019/12/09 v1.3 Handle bit-vector datatype (HO)
 (c:/texlive/2021/texmf-dist/tex/generic/bigintcalc/bigintcalc.sty
Package: bigintcalc 2019/12/15 v1.5 Expandable calculations on big integers (HO)
))
\Fld@menulength=\count289
\Field@Width=\dimen179
\Fld@charsize=\dimen180
Package hyperref Info: Hyper figures OFF on input line 6075.
Package hyperref Info: Link nesting OFF on input line 6080.
Package hyperref Info: Hyper index ON on input line 6083.
Package hyperref Info: backreferencing OFF on input line 6090.
Package hyperref Info: Link coloring OFF on input line 6095.
Package hyperref Info: Link coloring with OCG OFF on input line 6100.
Package hyperref Info: PDF/A mode OFF on input line 6105.
LaTeX Info: Redefining \ref on input line 6145.
LaTeX Info: Redefining \pageref on input line 6149.
 (c:/texlive/2021/texmf-dist/tex/latex/base/atbegshi-ltx.sty
Package: atbegshi-ltx 2020/08/17 v1.0a Emulation of the original atbegshi package
with kernel methods
)
\Hy@abspage=\count290
\c@Item=\count291
\c@Hfootnote=\count292
)
Package hyperref Info: Driver (autodetected): hpdftex.
 (c:/texlive/2021/texmf-dist/tex/latex/hyperref/hpdftex.def
File: hpdftex.def 2021-02-27 v7.00k Hyperref driver for pdfTeX
 (c:/texlive/2021/texmf-dist/tex/latex/base/atveryend-ltx.sty
Package: atveryend-ltx 2020/08/19 v1.0a Emulation of the original atvery package
with kernel methods
)
\Fld@listcount=\count293
\c@bookmark@seq@number=\count294
 (c:/texlive/2021/texmf-dist/tex/latex/rerunfilecheck/rerunfilecheck.sty
Package: rerunfilecheck 2019/12/05 v1.9 Rerun checks for auxiliary files (HO)
 (c:/texlive/2021/texmf-dist/tex/generic/uniquecounter/uniquecounter.sty
Package: uniquecounter 2019/12/15 v1.4 Provide unlimited unique counter (HO)
)
Package uniquecounter Info: New unique counter `rerunfilecheck' on input line 286.
)
\Hy@SectionHShift=\skip55
) (c:/texlive/2021/texmf-dist/tex/latex/listings/lstlang1.sty
File: lstlang1.sty 2020/03/24 1.8d listings language file
) (c:/texlive/2021/texmf-dist/tex/latex/listings/lstlang1.sty
File: lstlang1.sty 2020/03/24 1.8d listings language file
)
Package hyperref Info: Option `colorlinks' set `true' on input line 36.
 (./main.aux)
\openout1 = `main.aux'.

LaTeX Font Info:    Checking defaults for OML/cmm/m/it on input line 59.
LaTeX Font Info:    ... okay on input line 59.
LaTeX Font Info:    Checking defaults for OMS/cmsy/m/n on input line 59.
LaTeX Font Info:    ... okay on input line 59.
LaTeX Font Info:    Checking defaults for OT1/cmr/m/n on input line 59.
LaTeX Font Info:    ... okay on input line 59.
LaTeX Font Info:    Checking defaults for T1/cmr/m/n on input line 59.
LaTeX Font Info:    ... okay on input line 59.
LaTeX Font Info:    Checking defaults for TS1/cmr/m/n on input line 59.
LaTeX Font Info:    ... okay on input line 59.
LaTeX Font Info:    Checking defaults for OMX/cmex/m/n on input line 59.
LaTeX Font Info:    ... okay on input line 59.
LaTeX Font Info:    Checking defaults for U/cmr/m/n on input line 59.
LaTeX Font Info:    ... okay on input line 59.
LaTeX Font Info:    Checking defaults for PD1/pdf/m/n on input line 59.
LaTeX Font Info:    ... okay on input line 59.
LaTeX Font Info:    Checking defaults for PU/pdf/m/n on input line 59.
LaTeX Font Info:    ... okay on input line 59.

-- Lines per column: 56 (exact).
(c:/texlive/2021/texmf-dist/tex/context/base/mkii/supp-pdf.mkii
[Loading MPS to PDF converter (version 2006.09.02).]
\scratchcounter=\count295
\scratchdimen=\dimen181
\scratchbox=\box54
\nofMPsegments=\count296
\nofMParguments=\count297
\everyMPshowfont=\toks23
\MPscratchCnt=\count298
\MPscratchDim=\dimen182
\MPnumerator=\count299
\makeMPintoPDFobject=\count300
\everyMPtoPDFconversion=\toks24
) (c:/texlive/2021/texmf-dist/tex/latex/epstopdf-pkg/epstopdf-base.sty
Package: epstopdf-base 2020-01-24 v2.11 Base part for package epstopdf
Package epstopdf-base Info: Redefining graphics rule for `.eps' on input line 485.
 (c:/texlive/2021/texmf-dist/tex/latex/latexconfig/epstopdf-sys.cfg
File: epstopdf-sys.cfg 2010/07/13 v1.3 Configuration of (r)epstopdf for TeX Live
))
\c@lstlisting=\count301
Package hyperref Info: Link coloring ON on input line 59.
 (c:/texlive/2021/texmf-dist/tex/latex/hyperref/nameref.sty
Package: nameref 2021-04-02 v2.47 Cross-referencing by name of section
 (c:/texlive/2021/texmf-dist/tex/latex/refcount/refcount.sty
Package: refcount 2019/12/15 v3.6 Data extraction from label references (HO)
) (c:/texlive/2021/texmf-dist/tex/generic/gettitlestring/gettitlestring.sty
Package: gettitlestring 2019/12/15 v1.6 Cleanup title references (HO)
)
\c@section@level=\count302
)
LaTeX Info: Redefining \ref on input line 59.
LaTeX Info: Redefining \pageref on input line 59.
LaTeX Info: Redefining \nameref on input line 59.
\@outlinefile=\write3
\openout3 = `main.out'.



c:/Users/Brainware/source/repos/ariebrainware/tugas7-jarkom/main.tex:87: Package inputenc Error: Unicode character ^^B (U+0002)
(inputenc)                not set up for use with LaTeX.

See the inputenc package documentation for explanation.
Type  H <return>  for immediate help.
 ...                                              
                                                  
l.87 ...n kepada mahasiswa untuk menggunakan OM^^B
                                                  NeT++. Tutorial ini memand...
You may provide a definition with
\DeclareUnicodeCharacter 


c:/Users/Brainware/source/repos/ariebrainware/tugas7-jarkom/main.tex:89: Package inputenc Error: Unicode character ^^B (U+0002)
(inputenc)                not set up for use with LaTeX.

See the inputenc package documentation for explanation.
Type  H <return>  for immediate help.
 ...                                              
                                                  
l.89 ...mples/tictoc dari instalasi OMNeT++, se^^B
                                                  hingga mahasiswa dapat lan...
You may provide a definition with
\DeclareUnicodeCharacter 


Underfull \hbox (badness 2435) in paragraph at lines 87--91
[]\OT1/ptm/m/n/10 Tugas ini bertu-juan un-tuk mem-berikan pen-gala-manan
 []

LaTeX Font Info:    Trying to load font information for U+msa on input line 104.
(c:/texlive/2021/texmf-dist/tex/latex/amsfonts/umsa.fd
File: umsa.fd 2013/01/14 v3.01 AMS symbols A
)
LaTeX Font Info:    Trying to load font information for U+msb on input line 104.
 (c:/texlive/2021/texmf-dist/tex/latex/amsfonts/umsb.fd
File: umsb.fd 2013/01/14 v3.01 AMS symbols B
)
Underfull \hbox (badness 10000) in paragraph at lines 114--115
\OT1/ptm/m/n/10 menger-jakan, mu-lai dari metodologi hingga langkah-
 []

LaTeX Font Info:    Trying to load font information for OT1+pcr on input line 124.
(c:/texlive/2021/texmf-dist/tex/latex/psnfss/ot1pcr.fd
File: ot1pcr.fd 2001/06/04 font definitions for OT1/pcr.
)
Underfull \hbox (badness 10000) in paragraph at lines 125--126
[]\OT1/ptm/m/n/10 Setelah itu kita da-pat mem-buka IDE den-gan
 []


Underfull \hbox (badness 10000) in paragraph at lines 125--126
\OT1/ptm/m/n/10 mengetikkan per-in-tah []\OT1/pcr/m/n/10 omnetpp[] \OT1/ptm/m/n/10 di ter-mi-nal
 []

[1{c:/texlive/2021/texmf-var/fonts/map/pdftex/updmap/pdftex.map}


]
Underfull \hbox (badness 1629) in paragraph at lines 128--129
[]\OT1/ptm/m/n/10 untuk lebih lengkap-nya ten-tang proses in-sta-lasi da-pat
 []

<images/flowchart.png, id=29, 1063.975pt x 1224.575pt>
File: images/flowchart.png Graphic file (type png)
<use images/flowchart.png>
Package pdftex.def Info: images/flowchart.png  used on input line 133.
(pdftex.def)             Requested size: 191.50723pt x 220.41399pt.

Underfull \hbox (badness 10000) in paragraph at lines 133--135
[][] 
 []


Underfull \hbox (badness 10000) in paragraph at lines 133--135

 []

<images/samples-directory.png, id=32, 212.29312pt x 402.00188pt>
File: images/samples-directory.png Graphic file (type png)
<use images/samples-directory.png>
Package pdftex.def Info: images/samples-directory.png  used on input line 141.
(pdftex.def)             Requested size: 191.06204pt x 361.79834pt.

Underfull \hbox (badness 1490) in paragraph at lines 140--142
\OT1/ptm/m/n/10 IDE su-dah dibuka akan ter-li-hat seperti gam-bar berikut,
 []


Underfull \vbox (badness 10000) has occurred while \output is active []

<images/run-button.png, id=34, 36.135pt x 33.12375pt>
File: images/run-button.png Graphic file (type png)
<use images/run-button.png>
Package pdftex.def Info: images/run-button.png  used on input line 148.
(pdftex.def)             Requested size: 32.52116pt x 29.81108pt.

Underfull \hbox (badness 10000) in paragraph at lines 147--149
[]\OT1/ptm/m/n/10 Untuk men-jalankan sim-u-lasinya,
 []


Underfull \hbox (badness 10000) in paragraph at lines 147--149
\OT1/ptm/m/n/10 kita da-pat menekan tombol []\OT1/pcr/m/n/10 Run[]
 []

<images/simulation-window.png, id=35, 721.69624pt x 895.345pt>
File: images/simulation-window.png Graphic file (type png)
<use images/simulation-window.png>
Package pdftex.def Info: images/simulation-window.png  used on input line 150.
(pdftex.def)             Requested size: 252.59747pt x 313.37544pt.

Underfull \hbox (badness 10000) in paragraph at lines 150--151
[]\OT1/ptm/m/n/10 Akan ter-li-hat se-buah \OT1/ptm/m/it/10 con-sole win-dow \OT1/ptm/m/n/10 yang
 []


Underfull \hbox (badness 10000) in paragraph at lines 150--151
\OT1/ptm/m/n/10 akan men-jalankan proses \OT1/ptm/m/it/10 Com-pil-ing\OT1/ptm/m/n/10 . Tunggu
 []


Underfull \hbox (badness 10000) in paragraph at lines 150--151
\OT1/ptm/m/n/10 be-ber-apa saat lalu akan muncul \OT1/ptm/m/it/10 win-dow \OT1/ptm/m/n/10 baru.
 []


Overfull \hbox (0.59747pt too wide) in paragraph at lines 150--151
[] 
 []


Underfull \vbox (badness 10000) has occurred while \output is active []

 [2 <./images/flowchart.png> <./images/samples-directory.png> <./images/run-button.png>]
Underfull \hbox (badness 10000) in paragraph at lines 157--158
[]\OT1/ptm/m/n/10 Untuk meli-hat con-toh im-ple-men-tasi \OT1/ptm/m/it/10 icon\OT1/ptm/m/n/10 , da-pat
 []


Underfull \hbox (badness 10000) in paragraph at lines 157--158
\OT1/ptm/m/n/10 mem-buka dan men-jalankan \OT1/ptm/m/it/10 file []\OT1/pcr/m/n/10 tictoc2.ned[]\OT1/ptm/m/n/10 .
 []


Underfull \hbox (badness 10000) in paragraph at lines 157--158

 []

<images/tictoc2.ned.png, id=49, 949.5475pt x 712.6625pt>
File: images/tictoc2.ned.png Graphic file (type png)
<use images/tictoc2.ned.png>
Package pdftex.def Info: images/tictoc2.ned.png  used on input line 159.
(pdftex.def)             Requested size: 237.38629pt x 178.16519pt.

Underfull \hbox (badness 10000) in paragraph at lines 159--161
[][]
 []


Underfull \hbox (badness 1571) in paragraph at lines 163--164
\OT1/ptm/m/it/10 node\OT1/ptm/m/n/10 , klik menu []\OT1/pcr/m/n/10 Open Component Log for 'tic'[]\OT1/ptm/m/n/10 .
 []

<images/tictoc3-log.ned.png, id=50, 645.41125pt x 265.99374pt>
File: images/tictoc3-log.ned.png Graphic file (type png)
<use images/tictoc3-log.ned.png>
Package pdftex.def Info: images/tictoc3-log.ned.png  used on input line 165.
(pdftex.def)             Requested size: 245.25882pt x 101.07866pt.

Overfull \hbox (3.25882pt too wide) in paragraph at lines 165--166
[][] 
 []


Underfull \hbox (badness 4660) in paragraph at lines 171--172
[]\OT1/ptm/m/n/10 Timeout, can-celling timers; \OT1/ptm/m/it/10 Files: []\OT1/pcr/m/n/10 tictoc8.ned[]\OT1/ptm/m/n/10 ,
 []

<images/tictoc10.ned.png, id=51, 774.895pt x 1043.9pt>
File: images/tictoc10.ned.png Graphic file (type png)
<use images/tictoc10.ned.png>
Package pdftex.def Info: images/tictoc10.ned.png  used on input line 177.
(pdftex.def)             Requested size: 193.72327pt x 260.97435pt.
<images/tictoc14.ned.png, id=52, 774.895pt x 1043.9pt>
File: images/tictoc14.ned.png Graphic file (type png)
<use images/tictoc14.ned.png>
Package pdftex.def Info: images/tictoc14.ned.png  used on input line 182.
(pdftex.def)             Requested size: 178.22209pt x 240.09195pt.

Underfull \hbox (badness 10000) in paragraph at lines 182--184
[][]
 []


Underfull \vbox (badness 6893) has occurred while \output is active []

 [3 <./images/simulation-window.png> <./images/tictoc2.ned.png> <./images/tictoc3-log.ned.png> <./images/tictoc10.ned.png>]
<images/fast-mode-button.png, id=64, 283.0575pt x 69.25874pt>
File: images/fast-mode-button.png Graphic file (type png)
<use images/fast-mode-button.png>
Package pdftex.def Info: images/fast-mode-button.png  used on input line 188.
(pdftex.def)             Requested size: 226.44629pt x 55.40706pt.

Underfull \hbox (badness 10000) in paragraph at lines 187--189
[]\OT1/ptm/m/n/10 Buka dan jalankan sim-u-lasi \OT1/ptm/m/it/10 sam-
 []


Underfull \hbox (badness 10000) in paragraph at lines 187--189
\OT1/ptm/m/it/10 ple file []\OT1/pcr/m/n/10 tictoc15.ned[] \OT1/ptm/m/n/10 den-gan
 []


Underfull \hbox (badness 10000) in paragraph at lines 187--189
\OT1/ptm/m/n/10 mode []\OT1/pcr/m/n/10 Fast[] \OT1/ptm/m/n/10 seperti gam-bar berikut
 []

<images/tic[1].png, id=65, 408.52625pt x 170.6375pt>
File: images/tic[1].png Graphic file (type png)
<use images/tic[1].png>
Package pdftex.def Info: images/tic[1].png  used on input line 191.
(pdftex.def)             Requested size: 216.51788pt x 90.43742pt.

Underfull \hbox (badness 10000) in paragraph at lines 190--192
[]\OT1/ptm/m/n/10 Klik kanan pada []\OT1/pcr/m/n/10 tic[1][]\OT1/ptm/m/n/10 , lalu
 []


Underfull \hbox (badness 10000) in paragraph at lines 190--192
[]\OT1/pcr/m/n/10 Open Details for 'tic[1]'[]
 []

<images/tic[1]-histogram.png, id=66, 476.78125pt x 432.61626pt>
File: images/tic[1]-histogram.png Graphic file (type png)
<use images/tic[1]-histogram.png>
Package pdftex.def Info: images/tic[1]-histogram.png  used on input line 194.
(pdftex.def)             Requested size: 238.39003pt x 216.3076pt.

Underfull \hbox (badness 10000) in paragraph at lines 193--195
[]\OT1/ptm/m/n/10 Setelah itu klik kanan lagi pada
 []


Underfull \hbox (badness 10000) in paragraph at lines 193--195
[]\OT1/pcr/m/n/10 hopCountStats[]\OT1/ptm/m/n/10 , lalu pilih []\OT1/pcr/m/n/10 Open
 []


Underfull \hbox (badness 10000) in paragraph at lines 193--195
\OT1/pcr/m/n/10 Graphical View for 'hopCountStats'[]\OT1/ptm/m/n/10 .
 []


Overfull \hbox (13.22005pt too wide) in paragraph at lines 193--195
[]\OT1/ptm/m/n/10 .
 []


Underfull \hbox (badness 10000) in paragraph at lines 193--195

 []


Underfull \hbox (badness 10000) in paragraph at lines 193--195

 []


Underfull \vbox (badness 10000) has occurred while \output is active []

<images/tic[1]-histogram2.png, id=67, 401.5pt x 332.24126pt>
File: images/tic[1]-histogram2.png Graphic file (type png)
<use images/tic[1]-histogram2.png>
Package pdftex.def Info: images/tic[1]-histogram2.png  used on input line 197.
(pdftex.def)             Requested size: 260.9719pt x 215.95424pt.

Underfull \hbox (badness 10000) in paragraph at lines 196--198
[]\OT1/ptm/m/n/10 Maka akan muncul His-togram-nya seperti ini
 []


Overfull \hbox (33.30191pt too wide) in paragraph at lines 196--198
[] 
 []


Overfull \hbox (20.88928pt too wide) in paragraph at lines 203--204
[]\OT1/ptm/m/n/10 Buka \OT1/ptm/m/it/10 sam-ple file []\OT1/pcr/m/n/10 tictoc/results/Tictoc15-#0.sca[] 
 []

<images/browse-data-tab.png, id=68, 199.74625pt x 72.27pt>
File: images/browse-data-tab.png Graphic file (type png)
<use images/browse-data-tab.png>
Package pdftex.def Info: images/browse-data-tab.png  used on input line 205.
(pdftex.def)             Requested size: 129.83351pt x 46.97493pt.

Underfull \hbox (badness 10000) in paragraph at lines 204--206
[]\OT1/ptm/m/n/10 Pada bagian bawah, klik []\OT1/pcr/m/n/10 Browse Data[]
 []

[4 <./images/tictoc14.ned.png> <./images/fast-mode-button.png> <./images/tic[1].png> <./images/tic[1]-histogram.png> <./images/tic[1]-histogram2.png> <./images/browse-data-tab.png>]
<images/vector-data.png, id=85, 724.7075pt x 274.02374pt>
File: images/vector-data.png Graphic file (type png)
<use images/vector-data.png>
Package pdftex.def Info: images/vector-data.png  used on input line 208.
(pdftex.def)             Requested size: 195.67363pt x 73.9874pt.

Underfull \hbox (badness 10000) in paragraph at lines 207--209
[]\OT1/ptm/m/n/10 Lalu pilih []\OT1/pcr/m/n/10 Vector[] \OT1/ptm/m/n/10 data
 []

<images/plot-data.png, id=86, 741.77126pt x 659.46375pt>
File: images/plot-data.png Graphic file (type png)
<use images/plot-data.png>
Package pdftex.def Info: images/plot-data.png  used on input line 210.
(pdftex.def)             Requested size: 252.19888pt x 224.2147pt.

Underfull \hbox (badness 10000) in paragraph at lines 209--211
[]\OT1/ptm/m/n/10 Lalu \OT1/ptm/m/it/10 Se-lect all\OT1/ptm/m/n/10 , klik kanan lalu []\OT1/pcr/m/n/10 Plot[]\OT1/ptm/m/n/10 .
 []


Underfull \hbox (badness 10000) in paragraph at lines 209--211
\OT1/ptm/m/n/10 Maka akan muncul data vi-su-al-nya.
 []


Overfull \hbox (24.5289pt too wide) in paragraph at lines 209--211
[] 
 []

<images/tictoc18-analysis-file.png, id=87, 987.69pt x 638.385pt>
File: images/tictoc18-analysis-file.png Graphic file (type png)
<use images/tictoc18-analysis-file.png>
Package pdftex.def Info: images/tictoc18-analysis-file.png  used on input line 218.
(pdftex.def)             Requested size: 177.77652pt x 114.90433pt.

Underfull \hbox (badness 3189) in paragraph at lines 217--219
[]\OT1/ptm/m/n/10 Kita da-pat men-ganal-i-sis data yang su-dah di \OT1/ptm/m/it/10 record
 []


Underfull \hbox (badness 10000) in paragraph at lines 217--219
\OT1/ptm/m/n/10 den-gan mem-buka \OT1/ptm/m/it/10 file \OT1/ptm/m/n/10 yang berek-tensi \OT1/ptm/m/it/10 .anf \OT1/ptm/m/n/10 , lalu
 []


Underfull \hbox (badness 2608) in paragraph at lines 217--219
\OT1/ptm/m/n/10 pada tab \OT1/ptm/m/it/10 Datasets \OT1/ptm/m/n/10 da-pat dil-i-hat dataset yang terdaf-tar.
 []


** Conference Paper **
Before submitting the final camera ready copy, remember to:

 1. Manually equalize the lengths of two columns on the last page
 of your paper;

 2. Ensure that any PostScript and/or PDF output post-processing
 uses only Type 1 fonts and that every step in the generation
 process uses the appropriate paper size.

[5 <./images/vector-data.png> <./images/plot-data.png> <./images/tictoc18-analysis-file.png>] (./main.aux)

LaTeX Warning: Label(s) may have changed. Rerun to get cross-references right.


Package rerunfilecheck Warning: File `main.out' has changed.
(rerunfilecheck)                Rerun to get outlines right
(rerunfilecheck)                or use package `bookmark'.

Package rerunfilecheck Info: Checksums for `main.out':
(rerunfilecheck)             Before: <no file>
(rerunfilecheck)             After:  E29A0FB465E34C0D63B473293319EDE8;2604.
 ) 
Here is how much of TeX's memory you used:
 11972 strings out of 478994
 176826 string characters out of 5862207
 676102 words of memory out of 5000000
 29234 multiletter control sequences out of 15000+600000
 439218 words of font info for 98 fonts, out of 8000000 for 9000
 1141 hyphenation exceptions out of 8191
 71i,8n,75p,740b,453s stack positions out of 5000i,500n,10000p,200000b,80000s
{c:/texlive/2021/texmf-dist/fonts/enc/dvips/base/8r.enc}<c:/texlive/2021/texmf-dist/fonts/type1/public/amsfonts/cm/cmsy7.pfb><c:/texlive/2021/texmf-dist/fonts/type1/urw/courier/ucrr8a.pfb><c:/texlive/2021/texmf-dist/fonts/type1/urw/times/utmb8a.pfb><c:/texlive/2021/texmf-dist/fonts/type1/urw/times/utmbi8a.pfb><c:/texlive/2021/texmf-dist/fonts/type1/urw/times/utmr8a.pfb><c:/texlive/2021/texmf-dist/fonts/type1/urw/times/utmri8a.pfb>
Output written on main.pdf (5 pages, 571016 bytes).
PDF statistics:
 142 PDF objects out of 1000 (max. 8388607)
 96 compressed objects within 1 object stream
 40 named destinations out of 1000 (max. 500000)
 81 words of extra memory for PDF output out of 10000 (max. 10000000)

